{"uuid":"a0ad349e-2707-48fe-a9b0-26cd950d1bfa","historyId":"ac0ee20c8e359e58e3bd729951a258d4","fullName":"billpayment.PAM_Aetra.nullTest01_Biller_Menu","labels":[{"name":"package","value":"billpayment.PAM_Aetra"},{"name":"testClass","value":"billpayment.PAM_Aetra"},{"name":"testMethod","value":"nullTest01_Biller_Menu"},{"name":"parentSuite","value":"AccountInformation"},{"name":"suite","value":"BillPayment"},{"name":"subSuite","value":"billpayment.PAM_Aetra"},{"name":"host","value":"LAPTOP-QHR3SCK0"},{"name":"thread","value":"13024@LAPTOP-QHR3SCK0.main(1)"}],"links":[],"name":"nullTest01_Biller_Menu","status":"skipped","statusDetails":{"known":false,"muted":false,"flaky":false,"message":"Expected condition failed: waiting for presence of element located by: By.xpath: //td[text()='Login Internet Banking'] (tried for 20 second(s) with 500 MILLISECONDS interval)","trace":"org.openqa.selenium.TimeoutException: Expected condition failed: waiting for presence of element located by: By.xpath: //td[text()='Login Internet Banking'] (tried for 20 second(s) with 500 MILLISECONDS interval)\r\n\tat org.openqa.selenium.support.ui.WebDriverWait.timeoutException(WebDriverWait.java:82)\r\n\tat org.openqa.selenium.support.ui.FluentWait.until(FluentWait.java:231)\r\n\tat components.Onboarding_component.login(Onboarding_component.java:24)\r\n\tat framework.BrowserSetup.Login(BrowserSetup.java:56)\r\n\tat sun.reflect.NativeMethodAccessorImpl.invoke0(Native Method)\r\n\tat sun.reflect.NativeMethodAccessorImpl.invoke(Unknown Source)\r\n\tat sun.reflect.DelegatingMethodAccessorImpl.invoke(Unknown Source)\r\n\tat java.lang.reflect.Method.invoke(Unknown Source)\r\n\tat org.testng.internal.MethodInvocationHelper.invokeMethod(MethodInvocationHelper.java:124)\r\n\tat org.testng.internal.MethodInvocationHelper.invokeMethodConsideringTimeout(MethodInvocationHelper.java:59)\r\n\tat org.testng.internal.Invoker.invokeConfigurationMethod(Invoker.java:458)\r\n\tat org.testng.internal.Invoker.invokeConfigurations(Invoker.java:222)\r\n\tat org.testng.internal.Invoker.invokeConfigurations(Invoker.java:142)\r\n\tat org.testng.TestRunner.beforeRun(TestRunner.java:529)\r\n\tat org.testng.TestRunner.run(TestRunner.java:497)\r\n\tat org.testng.SuiteRunner.runTest(SuiteRunner.java:455)\r\n\tat org.testng.SuiteRunner.runSequentially(SuiteRunner.java:450)\r\n\tat org.testng.SuiteRunner.privateRun(SuiteRunner.java:415)\r\n\tat org.testng.SuiteRunner.run(SuiteRunner.java:364)\r\n\tat org.testng.SuiteRunnerWorker.runSuite(SuiteRunnerWorker.java:52)\r\n\tat org.testng.SuiteRunnerWorker.run(SuiteRunnerWorker.java:84)\r\n\tat org.testng.TestNG.runSuitesSequentially(TestNG.java:1208)\r\n\tat org.testng.TestNG.runSuitesLocally(TestNG.java:1137)\r\n\tat org.testng.TestNG.runSuites(TestNG.java:1049)\r\n\tat org.testng.TestNG.run(TestNG.java:1017)\r\n\tat org.testng.remote.AbstractRemoteTestNG.run(AbstractRemoteTestNG.java:115)\r\n\tat org.testng.remote.RemoteTestNG.initAndRun(RemoteTestNG.java:251)\r\n\tat org.testng.remote.RemoteTestNG.main(RemoteTestNG.java:77)\r\nCaused by: org.openqa.selenium.NoSuchElementException: Cannot locate an element using By.xpath: //td[text()='Login Internet Banking']\nFor documentation on this error, please visit: http://seleniumhq.org/exceptions/no_such_element.html\nBuild info: version: '3.9.1', revision: '63f7b50', time: '2018-02-07T22:25:02.294Z'\nSystem info: host: 'LAPTOP-QHR3SCK0', ip: '10.0.75.1', os.name: 'Windows 10', os.arch: 'amd64', os.version: '10.0', java.version: '1.8.0_211'\nDriver info: driver.version: unknown\r\n\tat org.openqa.selenium.support.ui.ExpectedConditions.lambda$findElement$0(ExpectedConditions.java:896)\r\n\tat java.util.Optional.orElseThrow(Unknown Source)\r\n\tat org.openqa.selenium.support.ui.ExpectedConditions.findElement(ExpectedConditions.java:895)\r\n\tat org.openqa.selenium.support.ui.ExpectedConditions.access$000(ExpectedConditions.java:44)\r\n\tat org.openqa.selenium.support.ui.ExpectedConditions$6.apply(ExpectedConditions.java:183)\r\n\tat org.openqa.selenium.support.ui.ExpectedConditions$6.apply(ExpectedConditions.java:180)\r\n\tat org.openqa.selenium.support.ui.FluentWait.until(FluentWait.java:208)\r\n\t... 26 more\r\n"},"stage":"finished","start":1556787952480,"stop":1556787952481,"parameters":[]}